{"C:\\MyRepositories\\Ex.5.1\\src\\js\\class.js": {"path":"C:\\MyRepositories\\Ex.5.1\\src\\js\\class.js","statementMap":{"0":{"start":{"line":7,"column":4},"end":{"line":7,"column":21}},"1":{"start":{"line":8,"column":4},"end":{"line":8,"column":21}},"2":{"start":{"line":9,"column":4},"end":{"line":9,"column":25}},"3":{"start":{"line":10,"column":4},"end":{"line":10,"column":23}},"4":{"start":{"line":11,"column":4},"end":{"line":11,"column":25}},"5":{"start":{"line":12,"column":4},"end":{"line":12,"column":27}},"6":{"start":{"line":18,"column":4},"end":{"line":23,"column":69}},"7":{"start":{"line":19,"column":6},"end":{"line":19,"column":22}},"8":{"start":{"line":20,"column":6},"end":{"line":20,"column":46}},"9":{"start":{"line":21,"column":6},"end":{"line":21,"column":48}},"10":{"start":{"line":22,"column":6},"end":{"line":22,"column":24}},"11":{"start":{"line":23,"column":13},"end":{"line":23,"column":67}},"12":{"start":{"line":27,"column":4},"end":{"line":29,"column":5}},"13":{"start":{"line":28,"column":6},"end":{"line":28,"column":55}},"14":{"start":{"line":34,"column":22},"end":{"line":34,"column":71}},"15":{"start":{"line":35,"column":25},"end":{"line":35,"column":78}},"16":{"start":{"line":36,"column":24},"end":{"line":36,"column":76}},"17":{"start":{"line":37,"column":15},"end":{"line":37,"column":64}},"18":{"start":{"line":38,"column":15},"end":{"line":38,"column":64}},"19":{"start":{"line":39,"column":15},"end":{"line":39,"column":64}}},"fnMap":{"0":{"name":"(anonymous_0)","decl":{"start":{"line":6,"column":2},"end":{"line":6,"column":3}},"loc":{"start":{"line":6,"column":58},"end":{"line":13,"column":3}},"line":6},"1":{"name":"(anonymous_1)","decl":{"start":{"line":17,"column":2},"end":{"line":17,"column":3}},"loc":{"start":{"line":17,"column":12},"end":{"line":24,"column":3}},"line":17},"2":{"name":"(anonymous_2)","decl":{"start":{"line":26,"column":2},"end":{"line":26,"column":3}},"loc":{"start":{"line":26,"column":17},"end":{"line":30,"column":3}},"line":26}},"branchMap":{"0":{"loc":{"start":{"line":18,"column":4},"end":{"line":23,"column":69}},"type":"if","locations":[{"start":{"line":18,"column":4},"end":{"line":23,"column":69}},{"start":{"line":18,"column":4},"end":{"line":23,"column":69}}],"line":18},"1":{"loc":{"start":{"line":27,"column":4},"end":{"line":29,"column":5}},"type":"if","locations":[{"start":{"line":27,"column":4},"end":{"line":29,"column":5}},{"start":{"line":27,"column":4},"end":{"line":29,"column":5}}],"line":27}},"s":{"0":12,"1":12,"2":12,"3":12,"4":12,"5":12,"6":2,"7":1,"8":1,"9":1,"10":1,"11":1,"12":3,"13":2,"14":2,"15":2,"16":2,"17":2,"18":2,"19":2},"f":{"0":12,"1":2,"2":3},"b":{"0":[1,1],"1":[2,1]},"_coverageSchema":"1a1c01bbd47fc00a2c39e90264f33305004495a9","hash":"67f1db517c853cf01f06c22715a9f68f1a70272f"}
}
